    ***** HAMMER VERSAO SVS-FORTRAN77  *****




0*HAMMER*  BNL-SRL LATTICE ANALYSIS CODE
0OPTIONS
   CAPN     1 1 0 0 0 0 0 0 0 0 0 0
   THERMOS  2 0 0 0 0 0 0 0 0 0 0 0
   HAMLET   1 0 0 1 1 0 0 0 0 0 0 0
   FLOG     1 1 0 1 1 0 0 0 0 0 0 0
   DIED     0 0 0 0 0 0 0 0 0 0 0 0
0BATCH    2       3 LATTICES       1 CORES     CASO EXEMPLO                        
1
0CASE    21      REGIAO 1                            
0INPUT CARDS
 CARD   GEOM  REGS   MIX  P1-B1  BCT  FOILS  BUCKLING     FOIL 1       FOIL 2       FOIL 3       FOIL 4
   2      3     3     3     1     0     0  2.11250E+00  0.00000E+00  0.00000E+00  0.00000E+00  0.00000E+00
0        REG   MIX  MAT   ADD I MESH   H-L   REG OD      DENSITY     WGT PCNT    TEMPERATURE    FISS/CC
   3      1     1   100     6     0     0  1.07530E+00  1.87100E+01  2.28036E+00  1.15380E+03  0.00000E+00
0                                             IDA          IDB         WGT FRACT   ATOM WGT    ATOM/B-CM
   4                                       9.22360E+04  0.00000E+00  0.00000E+00  0.00000E+00  1.00000E-24
0                                             IDA          IDB         WGT FRACT   ATOM WGT    ATOM/B-CM
   5                                       9.42390E+04  0.00000E+00  0.00000E+00  0.00000E+00  1.00000E-24
0                                             IDA          IDB         WGT FRACT   ATOM WGT    ATOM/B-CM
   6                                       9.42400E+04  0.00000E+00  0.00000E+00  0.00000E+00  1.00000E-24
0                                             IDA          IDB         WGT FRACT   ATOM WGT    ATOM/B-CM
   7                                       9.42410E+04  0.00000E+00  0.00000E+00  0.00000E+00  1.00000E-24
0                                             IDA          IDB         WGT FRACT   ATOM WGT    ATOM/B-CM
   8                                       5.41350E+04  0.00000E+00  0.00000E+00  0.00000E+00  1.00000E-24
0                                             IDA          IDB         WGT FRACT   ATOM WGT    ATOM/B-CM
   9                                       6.21490E+04  0.00000E+00  0.00000E+00  0.00000E+00  1.00000E-24
0        REG   MIX  MAT   ADD I MESH   H-L   REG OD      DENSITY     WGT PCNT    TEMPERATURE    FISS/CC
  10      2     2   201     0     0     0  1.20191E+00  8.02000E+00  0.00000E+00  3.32000E+02  0.00000E+00
0        REG   MIX  MAT   ADD I MESH   H-L   REG OD      DENSITY     WGT PCNT    TEMPERATURE    FISS/CC
  11      3     3   300     2     0     1  2.01826E+00  7.13151E-01  0.00000E+00  3.27000E+02  0.00000E+00
0                                             IDA          IDB         WGT FRACT   ATOM WGT    ATOM/B-CM
  12                                       5.01000E+03  0.00000E+00  0.00000E+00  0.00000E+00  1.25000E-05
0                                             IDA          IDB         WGT FRACT   ATOM WGT    ATOM/B-CM
  13                                       3.04000E+02  0.00000E+00  0.00000E+00  0.00000E+00  6.63200E-04
0LIBRARY TAPE LABELED   LITHE 11-66 
0EPITHERMAL LIBRARY TAPE LABELED HELP 11-66 +
0ISOTOPE TABLE
    IDA   T/M   MIX 1     MIX 2     MIX 3     MIX 4     MIX 5     MIX 6     MIX 7     MIX 8     MIX 9    MIX 10
  92235.   0.  .0010939  .0000000  .0000000  .0000000  .0000000  .0000000  .0000000  .0000000  .0000000  .0000000
  92238.   0.  .0462845  .0000000  .0000000  .0000000  .0000000  .0000000  .0000000  .0000000  .0000000  .0000000
  92236.   0.  .0000000  .0000000  .0000000  .0000000  .0000000  .0000000  .0000000  .0000000  .0000000  .0000000
  94239.   0.  .0000000  .0000000  .0000000  .0000000  .0000000  .0000000  .0000000  .0000000  .0000000  .0000000
  94240.   0.  .0000000  .0000000  .0000000  .0000000  .0000000  .0000000  .0000000  .0000000  .0000000  .0000000
  94241.   0.  .0000000  .0000000  .0000000  .0000000  .0000000  .0000000  .0000000  .0000000  .0000000  .0000000
  54135.   0.  .0000000  .0000000  .0000000  .0000000  .0000000  .0000000  .0000000  .0000000  .0000000  .0000000
  62149.   0.  .0000000  .0000000  .0000000  .0000000  .0000000  .0000000  .0000000  .0000000  .0000000  .0000000
    304.   0.  .0000000  .0872211  .0006632  .0000000  .0000000  .0000000  .0000000  .0000000  .0000000  .0000000
   1001.1060.  .0000000  .0000000  .0477415  .0000000  .0000000  .0000000  .0000000  .0000000  .0000000  .0000000
   8000.  60.  .0000000  .0000000  .0238707  .0000000  .0000000  .0000000  .0000000  .0000000  .0000000  .0000000
   5010.   0.  .0000000  .0000000  .0000125  .0000000  .0000000  .0000000  .0000000  .0000000  .0000000  .0000000
0REGION TABLES
 REG PTS   THICK    VOLUME    DEG C  MIX  H-L  FISS/CC
  1   4   1.36563 5.8589E+001153.80   1    0    .00000
  2   1    .16079 1.4609E+00 332.00   2    0    .00000
  3   5   1.03677 1.3320E+01 327.00   3    1    .00000
1
0CASE    22      REGIAO 2                            
0INPUT CARDS
 CARD   GEOM  REGS   MIX  P1-B1  BCT  FOILS  BUCKLING     FOIL 1       FOIL 2       FOIL 3       FOIL 4
   2      3     3     3     1     0     0  1.22250E+01  0.00000E+00  0.00000E+00  0.00000E+00  0.00000E+00
0        REG   MIX  MAT   ADD I MESH   H-L   REG OD      DENSITY     WGT PCNT    TEMPERATURE    FISS/CC
   3      1     1   100     6     0     0  1.07530E+00  1.87100E+01  2.41894E+00  1.15380E+03  0.00000E+00
0                                             IDA          IDB         WGT FRACT   ATOM WGT    ATOM/B-CM
   4                                       9.22360E+04  0.00000E+00  0.00000E+00  0.00000E+00  1.00000E-24
0                                             IDA          IDB         WGT FRACT   ATOM WGT    ATOM/B-CM
   5                                       9.42390E+04  0.00000E+00  0.00000E+00  0.00000E+00  1.00000E-24
0                                             IDA          IDB         WGT FRACT   ATOM WGT    ATOM/B-CM
   6                                       9.42400E+04  0.00000E+00  0.00000E+00  0.00000E+00  1.00000E-24
0                                             IDA          IDB         WGT FRACT   ATOM WGT    ATOM/B-CM
   7                                       9.42410E+04  0.00000E+00  0.00000E+00  0.00000E+00  1.00000E-24
0                                             IDA          IDB         WGT FRACT   ATOM WGT    ATOM/B-CM
   8                                       5.41350E+04  0.00000E+00  0.00000E+00  0.00000E+00  1.00000E-24
0                                             IDA          IDB         WGT FRACT   ATOM WGT    ATOM/B-CM
   9                                       6.21490E+04  0.00000E+00  0.00000E+00  0.00000E+00  1.00000E-24
0        REG   MIX  MAT   ADD I MESH   H-L   REG OD      DENSITY     WGT PCNT    TEMPERATURE    FISS/CC
  10      2     2   201     0     0     0  1.20191E+00  8.02000E+00  0.00000E+00  3.32000E+02  0.00000E+00
0        REG   MIX  MAT   ADD I MESH   H-L   REG OD      DENSITY     WGT PCNT    TEMPERATURE    FISS/CC
  11      3     3   300     2     0     1  2.01826E+00  7.13151E-01  0.00000E+00  3.27000E+02  0.00000E+00
0                                             IDA          IDB         WGT FRACT   ATOM WGT    ATOM/B-CM
  12                                       5.01000E+03  0.00000E+00  0.00000E+00  0.00000E+00  1.25000E-05
0                                             IDA          IDB         WGT FRACT   ATOM WGT    ATOM/B-CM
  13                                       3.04000E+02  0.00000E+00  0.00000E+00  0.00000E+00  6.63200E-04
0LIBRARY TAPE LABELED   LITHE 11-66 
0EPITHERMAL LIBRARY TAPE LABELED HELP 11-66 +
0ISOTOPE TABLE
    IDA   T/M   MIX 1     MIX 2     MIX 3     MIX 4     MIX 5     MIX 6     MIX 7     MIX 8     MIX 9    MIX 10
  92235.   0.  .0011603  .0000000  .0000000  .0000000  .0000000  .0000000  .0000000  .0000000  .0000000  .0000000
  92238.   0.  .0462189  .0000000  .0000000  .0000000  .0000000  .0000000  .0000000  .0000000  .0000000  .0000000
  92236.   0.  .0000000  .0000000  .0000000  .0000000  .0000000  .0000000  .0000000  .0000000  .0000000  .0000000
  94239.   0.  .0000000  .0000000  .0000000  .0000000  .0000000  .0000000  .0000000  .0000000  .0000000  .0000000
  94240.   0.  .0000000  .0000000  .0000000  .0000000  .0000000  .0000000  .0000000  .0000000  .0000000  .0000000
  94241.   0.  .0000000  .0000000  .0000000  .0000000  .0000000  .0000000  .0000000  .0000000  .0000000  .0000000
  54135.   0.  .0000000  .0000000  .0000000  .0000000  .0000000  .0000000  .0000000  .0000000  .0000000  .0000000
  62149.   0.  .0000000  .0000000  .0000000  .0000000  .0000000  .0000000  .0000000  .0000000  .0000000  .0000000
    304.   0.  .0000000  .0872211  .0006632  .0000000  .0000000  .0000000  .0000000  .0000000  .0000000  .0000000
   1001.1060.  .0000000  .0000000  .0477415  .0000000  .0000000  .0000000  .0000000  .0000000  .0000000  .0000000
   8000.  60.  .0000000  .0000000  .0238707  .0000000  .0000000  .0000000  .0000000  .0000000  .0000000  .0000000
   5010.   0.  .0000000  .0000000  .0000125  .0000000  .0000000  .0000000  .0000000  .0000000  .0000000  .0000000
0REGION TABLES
 REG PTS   THICK    VOLUME    DEG C  MIX  H-L  FISS/CC
  1   4   1.36563 5.8589E+001153.80   1    0    .00000
  2   1    .16079 1.4609E+00 332.00   2    0    .00000
  3   5   1.03677 1.3320E+01 327.00   3    1    .00000
1
0CASE    23      REGIAO 3                            
0INPUT CARDS
 CARD   GEOM  REGS   MIX  P1-B1  BCT  FOILS  BUCKLING     FOIL 1       FOIL 2       FOIL 3       FOIL 4
   2      3     3     3     1     0     0  2.10250E+01  0.00000E+00  0.00000E+00  0.00000E+00  0.00000E+00
0        REG   MIX  MAT   ADD I MESH   H-L   REG OD      DENSITY     WGT PCNT    TEMPERATURE    FISS/CC
   3      1     1   100     6     0     0  1.07530E+00  1.87100E+01  4.81758E+00  1.15380E+03  0.00000E+00
0                                             IDA          IDB         WGT FRACT   ATOM WGT    ATOM/B-CM
   4                                       9.22360E+04  0.00000E+00  0.00000E+00  0.00000E+00  1.00000E-24
0                                             IDA          IDB         WGT FRACT   ATOM WGT    ATOM/B-CM
   5                                       9.42390E+04  0.00000E+00  0.00000E+00  0.00000E+00  1.00000E-24
0                                             IDA          IDB         WGT FRACT   ATOM WGT    ATOM/B-CM
   6                                       9.42400E+04  0.00000E+00  0.00000E+00  0.00000E+00  1.00000E-24
0                                             IDA          IDB         WGT FRACT   ATOM WGT    ATOM/B-CM
   7                                       9.42410E+04  0.00000E+00  0.00000E+00  0.00000E+00  1.00000E-24
0                                             IDA          IDB         WGT FRACT   ATOM WGT    ATOM/B-CM
   8                                       5.41350E+04  0.00000E+00  0.00000E+00  0.00000E+00  1.00000E-24
0                                             IDA          IDB         WGT FRACT   ATOM WGT    ATOM/B-CM
   9                                       6.21490E+04  0.00000E+00  0.00000E+00  0.00000E+00  1.00000E-24
0        REG   MIX  MAT   ADD I MESH   H-L   REG OD      DENSITY     WGT PCNT    TEMPERATURE    FISS/CC
  10      2     2   201     0     0     0  1.20191E+00  8.02000E+00  0.00000E+00  3.32000E+02  0.00000E+00
0        REG   MIX  MAT   ADD I MESH   H-L   REG OD      DENSITY     WGT PCNT    TEMPERATURE    FISS/CC
  11      3     3   300     2     0     1  2.01826E+00  7.13151E-01  0.00000E+00  3.27000E+02  0.00000E+00
0                                             IDA          IDB         WGT FRACT   ATOM WGT    ATOM/B-CM
  12                                       5.01000E+03  0.00000E+00  0.00000E+00  0.00000E+00  1.25000E-05
0                                             IDA          IDB         WGT FRACT   ATOM WGT    ATOM/B-CM
  13                                       3.04000E+02  0.00000E+00  0.00000E+00  0.00000E+00  6.63200E-04
0LIBRARY TAPE LABELED   LITHE 11-66 
0EPITHERMAL LIBRARY TAPE LABELED HELP 11-66 +
0ISOTOPE TABLE
    IDA   T/M   MIX 1     MIX 2     MIX 3     MIX 4     MIX 5     MIX 6     MIX 7     MIX 8     MIX 9    MIX 10
  92235.   0.  .0023110  .0000000  .0000000  .0000000  .0000000  .0000000  .0000000  .0000000  .0000000  .0000000
  92238.   0.  .0450828  .0000000  .0000000  .0000000  .0000000  .0000000  .0000000  .0000000  .0000000  .0000000
  92236.   0.  .0000000  .0000000  .0000000  .0000000  .0000000  .0000000  .0000000  .0000000  .0000000  .0000000
  94239.   0.  .0000000  .0000000  .0000000  .0000000  .0000000  .0000000  .0000000  .0000000  .0000000  .0000000
  94240.   0.  .0000000  .0000000  .0000000  .0000000  .0000000  .0000000  .0000000  .0000000  .0000000  .0000000
  94241.   0.  .0000000  .0000000  .0000000  .0000000  .0000000  .0000000  .0000000  .0000000  .0000000  .0000000
  54135.   0.  .0000000  .0000000  .0000000  .0000000  .0000000  .0000000  .0000000  .0000000  .0000000  .0000000
  62149.   0.  .0000000  .0000000  .0000000  .0000000  .0000000  .0000000  .0000000  .0000000  .0000000  .0000000
    304.   0.  .0000000  .0872211  .0006632  .0000000  .0000000  .0000000  .0000000  .0000000  .0000000  .0000000
   1001.1060.  .0000000  .0000000  .0477415  .0000000  .0000000  .0000000  .0000000  .0000000  .0000000  .0000000
   8000.  60.  .0000000  .0000000  .0238707  .0000000  .0000000  .0000000  .0000000  .0000000  .0000000  .0000000
   5010.   0.  .0000000  .0000000  .0000125  .0000000  .0000000  .0000000  .0000000  .0000000  .0000000  .0000000
0REGION TABLES
 REG PTS   THICK    VOLUME    DEG C  MIX  H-L  FISS/CC
  1   6   1.36563 5.8589E+001153.80   1    0    .00000
  2   1    .16079 1.4609E+00 332.00   2    0    .00000
  3   5   1.03677 1.3320E+01 327.00   3    1    .00000
1REGIAO 1                               CASE   21     THERMOS
0LIBRARY TAPE LABELED   LITHE 11-66 
0CYLINDRICAL GEOMETRY, COSINE CURRENTS
0IT=  20   NORM=  1.0000   CRIT=  1.3344E-05   RES=  1.2039E-05
0ETA= 1.73913   F=  .65018   ETA*F= 1.13075   XA=  .100808E+00
 NU*XF=  .113989E+00   MOD.ABS.FRACT=  .27289
0ABSORPTION AND PRODUCTION BY ISOTOPE AND REGION
 ISOTOPE   T/M   TYPE   REG 1     REG 2     REG 3     REG
   92235.     0.  ABS 5.473E-01 0.000E+00 0.000E+00
                 PROD 1.131E+00 0.000E+00 0.000E+00
   92238.     0.  ABS 1.029E-01 0.000E+00 0.000E+00
                 PROD 0.000E+00 0.000E+00 0.000E+00
   92236.     0.  ABS 4.920E-24 0.000E+00 0.000E+00
                 PROD 0.000E+00 0.000E+00 0.000E+00
   94239.     0.  ABS 2.203E-21 0.000E+00 0.000E+00
                 PROD 3.986E-21 0.000E+00 0.000E+00
   94240.     0.  ABS 2.869E-22 0.000E+00 0.000E+00
                 PROD 0.000E+00 0.000E+00 0.000E+00
   94241.     0.  ABS 1.800E-21 0.000E+00 0.000E+00
                 PROD 3.924E-21 0.000E+00 0.000E+00
   54135.     0.  ABS 2.998E-18 0.000E+00 0.000E+00
                 PROD 0.000E+00 0.000E+00 0.000E+00
   62149.     0.  ABS 7.189E-20 0.000E+00 0.000E+00
                 PROD 0.000E+00 0.000E+00 0.000E+00
     304.     0.  ABS 0.000E+00 7.693E-02 7.927E-03
                 PROD 0.000E+00 0.000E+00 0.000E+00
    1001.  1060.  ABS 0.000E+00 0.000E+00 6.522E-02
                 PROD 0.000E+00 0.000E+00 0.000E+00
    8000.    60.  ABS 0.000E+00 0.000E+00 0.000E+00
                 PROD 0.000E+00 0.000E+00 0.000E+00
    5010.     0.  ABS 0.000E+00 0.000E+00 1.997E-01
                 PROD 0.000E+00 0.000E+00 0.000E+00
0NEUTRON DENSITY, VBAR, AND FOIL ACTIVATION
0 N   R    DENSITY    VBAR     FLUX      FLUXVOL  ACT-
  1  .000 9.9509E-02 2.2810 2.2699E-01 2.7141E-02
  2  .390 1.0708E-01 2.2482 2.4073E-01 2.3027E-01
  3  .780 1.2669E-01 2.1747 2.7551E-01 5.2708E-01
  4 1.171 1.6146E-01 2.0660 3.3358E-01 9.5726E-01
0 AVERAGE 1.3996E-01 2.1240  2.973E-01  1.742E+00
 
  5 1.446 2.1036E-01 1.9572 4.1172E-01 6.0147E-01
0 AVERAGE 2.1036E-01 1.9572  4.117E-01  6.015E-01
 
  6 1.630 2.5722E-01 1.8817 4.8401E-01 1.0279E+00
  7 1.837 2.9397E-01 1.8348 5.3938E-01 1.2912E+00
  8 2.045 3.1828E-01 1.8131 5.7706E-01 1.5373E+00
  9 2.252 3.3307E-01 1.8024 6.0032E-01 1.7615E+00
 10 2.460 3.3999E-01 1.7979 6.1127E-01 1.9587E+00
0 AVERAGE 3.1266E-01 1.8193  5.688E-01  7.577E+00
 
0AVERAGE CROSS SECTIONS       
          MACROSCOPIC (1/CM)                   MICROSCOPIC (BARNS)
 ISOTOPE   ABSORPTION     FISSION    NU*FISSION   ABSORPTION     FISSION    NU*FISSION 
   92235.  5.51750E-02  4.69090E-02  1.13989E-01  2.87272E+02  2.44235E+02  5.93492E+02
   92238.  1.03688E-02  0.00000E+00  0.00000E+00  1.27588E+00  0.00000E+00  0.00000E+00
   92236.  4.95992E-25  0.00000E+00  0.00000E+00  2.82483E+00  0.00000E+00  0.00000E+00
   94239.  2.22128E-22  1.39526E-22  4.01836E-22  1.26509E+03  7.94648E+02  2.28859E+03
   94240.  2.89213E-23  0.00000E+00  0.00000E+00  1.64716E+02  0.00000E+00  0.00000E+00
   94241.  1.81456E-22  1.29263E-22  3.95546E-22  1.03345E+03  7.36196E+02  2.25276E+03
   54135.  3.02220E-19  0.00000E+00  0.00000E+00  1.72124E+06  0.00000E+00  0.00000E+00
   62149.  7.24675E-21  0.00000E+00  0.00000E+00  4.12726E+04  0.00000E+00  0.00000E+00
     304.  8.55394E-03  0.00000E+00  0.00000E+00  1.47609E+00  0.00000E+00  0.00000E+00
    1001.  6.57422E-03  0.00000E+00  0.00000E+00  1.80292E-01  0.00000E+00  0.00000E+00
    8000.  0.00000E+00  0.00000E+00  0.00000E+00  0.00000E+00  0.00000E+00  0.00000E+00
    5010.  2.01361E-02  0.00000E+00  0.00000E+00  2.10909E+03  0.00000E+00  0.00000E+00
0B1 APPROX. L2= 3.12199E+00   XA= 1.00807E-01   D= 3.14717E-01   BSQD= 2.11250E-04   IT=  16
1REGIAO 2                               CASE   22     THERMOS
0LIBRARY TAPE LABELED   LITHE 11-66 
0CYLINDRICAL GEOMETRY, COSINE CURRENTS
0IT=  20   NORM=  1.0000   CRIT=  1.2814E-05   RES=  1.2372E-05
0ETA= 1.75511   F=  .65595   ETA*F= 1.15126   XA=  .102662E+00
 NU*XF=  .118191E+00   MOD.ABS.FRACT=  .26881
0ABSORPTION AND PRODUCTION BY ISOTOPE AND REGION
 ISOTOPE   T/M   TYPE   REG 1     REG 2     REG 3     REG
   92235.     0.  ABS 5.573E-01 0.000E+00 0.000E+00
                 PROD 1.151E+00 0.000E+00 0.000E+00
   92238.     0.  ABS 9.866E-02 0.000E+00 0.000E+00
                 PROD 0.000E+00 0.000E+00 0.000E+00
   92236.     0.  ABS 4.726E-24 0.000E+00 0.000E+00
                 PROD 0.000E+00 0.000E+00 0.000E+00
   94239.     0.  ABS 2.129E-21 0.000E+00 0.000E+00
                 PROD 3.850E-21 0.000E+00 0.000E+00
   94240.     0.  ABS 2.766E-22 0.000E+00 0.000E+00
                 PROD 0.000E+00 0.000E+00 0.000E+00
   94241.     0.  ABS 1.732E-21 0.000E+00 0.000E+00
                 PROD 3.777E-21 0.000E+00 0.000E+00
   54135.     0.  ABS 2.871E-18 0.000E+00 0.000E+00
                 PROD 0.000E+00 0.000E+00 0.000E+00
   62149.     0.  ABS 6.891E-20 0.000E+00 0.000E+00
                 PROD 0.000E+00 0.000E+00 0.000E+00
     304.     0.  ABS 0.000E+00 7.524E-02 7.809E-03
                 PROD 0.000E+00 0.000E+00 0.000E+00
    1001.  1060.  ABS 0.000E+00 0.000E+00 6.424E-02
                 PROD 0.000E+00 0.000E+00 0.000E+00
    8000.    60.  ABS 0.000E+00 0.000E+00 0.000E+00
                 PROD 0.000E+00 0.000E+00 0.000E+00
    5010.     0.  ABS 0.000E+00 0.000E+00 1.968E-01
                 PROD 0.000E+00 0.000E+00 0.000E+00
0NEUTRON DENSITY, VBAR, AND FOIL ACTIVATION
0 N   R    DENSITY    VBAR     FLUX      FLUXVOL  ACT-
  1  .000 9.3966E-02 2.2992 2.1604E-01 2.5832E-02
  2  .390 1.0148E-01 2.2646 2.2980E-01 2.1982E-01
  3  .780 1.2102E-01 2.1875 2.6473E-01 5.0646E-01
  4 1.171 1.5606E-01 2.0734 3.2358E-01 9.2856E-01
0 AVERAGE 1.3444E-01 2.1337  2.869E-01  1.681E+00
 
  5 1.446 2.0575E-01 1.9600 4.0326E-01 5.8912E-01
0 AVERAGE 2.0575E-01 1.9600  4.033E-01  5.891E-01
 
  6 1.630 2.5253E-01 1.8840 4.7576E-01 1.0104E+00
  7 1.837 2.8927E-01 1.8368 5.3132E-01 1.2719E+00
  8 2.045 3.1360E-01 1.8149 5.6914E-01 1.5162E+00
  9 2.252 3.2842E-01 1.8041 5.9250E-01 1.7385E+00
 10 2.460 3.3535E-01 1.7996 6.0349E-01 1.9338E+00
0 AVERAGE 3.0799E-01 1.8211  5.609E-01  7.471E+00
 
0AVERAGE CROSS SECTIONS       
          MACROSCOPIC (1/CM)                   MICROSCOPIC (BARNS)
 ISOTOPE   ABSORPTION     FISSION    NU*FISSION   ABSORPTION     FISSION    NU*FISSION 
   92235.  5.72126E-02  4.86383E-02  1.18191E-01  2.85764E+02  2.42938E+02  5.90338E+02
   92238.  1.01285E-02  0.00000E+00  0.00000E+00  1.27008E+00  0.00000E+00  0.00000E+00
   92236.  4.85185E-25  0.00000E+00  0.00000E+00  2.81198E+00  0.00000E+00  0.00000E+00
   94239.  2.18590E-22  1.37236E-22  3.95241E-22  1.26688E+03  7.95378E+02  2.29069E+03
   94240.  2.83928E-23  0.00000E+00  0.00000E+00  1.64555E+02  0.00000E+00  0.00000E+00
   94241.  1.77842E-22  1.26725E-22  3.87779E-22  1.03072E+03  7.34459E+02  2.24744E+03
   54135.  2.94698E-19  0.00000E+00  0.00000E+00  1.70797E+06  0.00000E+00  0.00000E+00
   62149.  7.07453E-21  0.00000E+00  0.00000E+00  4.10017E+04  0.00000E+00  0.00000E+00
     304.  8.52594E-03  0.00000E+00  0.00000E+00  1.47410E+00  0.00000E+00  0.00000E+00
    1001.  6.59517E-03  0.00000E+00  0.00000E+00  1.80114E-01  0.00000E+00  0.00000E+00
    8000.  0.00000E+00  0.00000E+00  0.00000E+00  0.00000E+00  0.00000E+00  0.00000E+00
    5010.  2.02003E-02  0.00000E+00  0.00000E+00  2.10701E+03  0.00000E+00  0.00000E+00
0B1 APPROX. L2= 3.05751E+00   XA= 1.02646E-01   D= 3.13842E-01   BSQD= 1.22250E-03   IT=  16
1REGIAO 3                               CASE   23     THERMOS
0LIBRARY TAPE LABELED   LITHE 11-66 
0CYLINDRICAL GEOMETRY, COSINE CURRENTS
0IT=  23   NORM=  1.0000   CRIT=  7.5955E-06   RES=  7.0668E-06
0ETA= 1.89852   F=  .71075   ETA*F= 1.34937   XA=  .125464E+00
 NU*XF=  .169297E+00   MOD.ABS.FRACT=  .22980
0ABSORPTION AND PRODUCTION BY ISOTOPE AND REGION
 ISOTOPE   T/M   TYPE   REG 1     REG 2     REG 3     REG
   92235.     0.  ABS 6.536E-01 0.000E+00 0.000E+00
                 PROD 1.349E+00 0.000E+00 0.000E+00
   92238.     0.  ABS 5.718E-02 0.000E+00 0.000E+00
                 PROD 0.000E+00 0.000E+00 0.000E+00
   92236.     0.  ABS 2.808E-24 0.000E+00 0.000E+00
                 PROD 0.000E+00 0.000E+00 0.000E+00
   94239.     0.  ABS 1.346E-21 0.000E+00 0.000E+00
                 PROD 2.422E-21 0.000E+00 0.000E+00
   94240.     0.  ABS 1.720E-22 0.000E+00 0.000E+00
                 PROD 0.000E+00 0.000E+00 0.000E+00
   94241.     0.  ABS 1.046E-21 0.000E+00 0.000E+00
                 PROD 2.289E-21 0.000E+00 0.000E+00
   54135.     0.  ABS 1.633E-18 0.000E+00 0.000E+00
                 PROD 0.000E+00 0.000E+00 0.000E+00
   62149.     0.  ABS 3.967E-20 0.000E+00 0.000E+00
                 PROD 0.000E+00 0.000E+00 0.000E+00
     304.     0.  ABS 0.000E+00 5.945E-02 6.675E-03
                 PROD 0.000E+00 0.000E+00 0.000E+00
    1001.  1060.  ABS 0.000E+00 0.000E+00 5.492E-02
                 PROD 0.000E+00 0.000E+00 0.000E+00
    8000.    60.  ABS 0.000E+00 0.000E+00 0.000E+00
                 PROD 0.000E+00 0.000E+00 0.000E+00
    5010.     0.  ABS 0.000E+00 0.000E+00 1.682E-01
                 PROD 0.000E+00 0.000E+00 0.000E+00
0NEUTRON DENSITY, VBAR, AND FOIL ACTIVATION
0 N   R    DENSITY    VBAR     FLUX      FLUXVOL  ACT-
  1  .000 3.8768E-02 2.5946 1.0059E-01 4.8705E-03
  2  .248 4.1557E-02 2.5624 1.0649E-01 4.1249E-02
  3  .497 4.8682E-02 2.4927 1.2135E-01 9.4012E-02
  4  .745 6.0735E-02 2.3949 1.4546E-01 1.6903E-01
  5  .993 8.0205E-02 2.2727 1.8228E-01 2.8244E-01
  6 1.241 1.1227E-01 2.1227 2.3832E-01 4.6159E-01
0 AVERAGE 7.9878E-02 2.2504  1.798E-01  1.053E+00
 
  7 1.446 1.6256E-01 1.9807 3.2199E-01 4.7039E-01
0 AVERAGE 1.6256E-01 1.9807  3.220E-01  4.704E-01
 
  8 1.630 2.0811E-01 1.9045 3.9635E-01 8.4175E-01
  9 1.837 2.4443E-01 1.8550 4.5341E-01 1.0854E+00
 10 2.045 2.6877E-01 1.8322 4.9244E-01 1.3119E+00
 11 2.252 2.8370E-01 1.8210 5.1661E-01 1.5158E+00
 12 2.460 2.9071E-01 1.8163 5.2801E-01 1.6919E+00
0 AVERAGE 2.6329E-01 1.8382  4.840E-01  6.447E+00
 
0AVERAGE CROSS SECTIONS       
          MACROSCOPIC (1/CM)                   MICROSCOPIC (BARNS)
 ISOTOPE   ABSORPTION     FISSION    NU*FISSION   ABSORPTION     FISSION    NU*FISSION 
   92235.  8.19997E-02  6.96695E-02  1.69297E-01  2.68532E+02  2.28153E+02  5.54412E+02
   92238.  7.17365E-03  0.00000E+00  0.00000E+00  1.20422E+00  0.00000E+00  0.00000E+00
   92236.  3.52299E-25  0.00000E+00  0.00000E+00  2.66617E+00  0.00000E+00  0.00000E+00
   94239.  1.68872E-22  1.05501E-22  3.03843E-22  1.27801E+03  7.98421E+02  2.29945E+03
   94240.  2.15783E-23  0.00000E+00  0.00000E+00  1.63302E+02  0.00000E+00  0.00000E+00
   94241.  1.31294E-22  9.38527E-23  2.87189E-22  9.93618E+02  7.10268E+02  2.17342E+03
   54135.  2.04920E-19  0.00000E+00  0.00000E+00  1.55081E+06  0.00000E+00  0.00000E+00
   62149.  4.97699E-21  0.00000E+00  0.00000E+00  3.76654E+04  0.00000E+00  0.00000E+00
     304.  8.29619E-03  0.00000E+00  0.00000E+00  1.45957E+00  0.00000E+00  0.00000E+00
    1001.  6.89026E-03  0.00000E+00  0.00000E+00  1.78432E-01  0.00000E+00  0.00000E+00
    8000.  0.00000E+00  0.00000E+00  0.00000E+00  0.00000E+00  0.00000E+00  0.00000E+00
    5010.  2.11041E-02  0.00000E+00  0.00000E+00  2.08733E+03  0.00000E+00  0.00000E+00
0B1 APPROX. L2= 2.40511E+00   XA= 1.25439E-01   D= 3.01695E-01   BSQD= 2.10250E-03   IT=  16
1CASE    21       REGIAO 1                            
0EPITHERMAL LIBRARY TAPE LABELED HELP 11-66 +MO                                  
0MAXIMUM ITERATIONS ON THE  FLUX SHAPE IN ANY MACRO GROUP =    4 GROUP38
 MAXIMUM RENORMALIZATION IN ANY GROUP =   .99980 GROUP19
1CASE    21       REGIAO 1                            
 
                                       OVERALL FEW GROUP DATA
0OUTPUT GROUP   MUFT GROUPS   SIGMA-A     SIGMA-R     SIGMA-F   NU SIGMA-F        P       AGE     DIFF.COEF.
 
    1 OF  1       1 TO 54   .01185492   .01847319   .00384020   .00980041   .60911110   41.7095   1.2649690
 
 
    1 OF  2       1 TO 25   .00517652   .03895674   .00263521   .00700220   .88270690   33.9476   1.4985020
    2 OF  2      26 TO 54   .02659408   .05924332   .00649959   .01597601   .69018080   42.6800    .7495646
 
 
    1 OF  3       1 TO 10   .00701693   .07642420   .00579387   .01553703   .91590570   18.3859   2.0368320
    2 OF  3      11 TO 25   .00395340   .06484723   .00053598   .00132999   .94253830   34.9630   1.1407310
    3 OF  3      26 TO 54   .02659408   .05924332   .00649959   .01597601   .69018080   43.6954    .7495646
1CASE    21       REGIAO 1                            
0 P = 6.091111E-01 NU(1-PF) = 3.231459E-01 TAU = 4.170946E+01
 MATERIAL BUCKLING = 2.727144E-04 K-INFINITY = 1.011662E+00 K-EFFECTIVE AT INPUT BUCKLING = 1.002611E+00
 ASYMPTOTIC FOUR GROUP FLUXES, 8.967029E+00, 1.348408E+01, 1.016477E+01, 5.968681E+00
1CELL-HOMOGENIZED ATOM NUMBER DENSITIES AND FOUR-GROUP MICROSCOPIC CROSS SECTIONS (BARNS) = ARRAYS SCHAND AND SBALTC.     CASE  0


 ISOTOPE   N (CELL-HOMOG)   GRP        XA            XF          NU*XF          XTR           XREM         XCAPT   
 -------   --------------   ---   -----------   -----------   -----------   -----------   -----------   -----------

  92235      3.10508E-04     1    1.4297E+00    1.2913E+00    3.5562E+00    6.8364E+00    8.3695E-01    1.3838E-01
                             2    2.1666E+00    1.7063E+00    4.2357E+00    1.0414E+01    1.4454E-02    4.6031E-01
                             3    3.1297E+01    2.0932E+01    5.1451E+01    3.6671E+01    3.1173E-03    1.0365E+01
                             4    1.7769E+02    1.5107E+02    3.6710E+02    1.6071E+02    0.0000E+00    2.6620E+01

  92238      1.31384E-02     1    4.8649E-01    4.1047E-01    1.0985E+00    5.7605E+00    8.5552E-01    7.6019E-02
                             2    2.4805E-01    4.6831E-04    1.1239E-03    8.8411E+00    1.5256E-02    2.4758E-01
                             3    1.1175E+00    0.0000E+00    0.0000E+00    9.0759E+00    3.5141E-03    1.1175E+00
                             4    7.8919E-01    0.0000E+00    0.0000E+00    5.1769E+00    0.0000E+00    7.8919E-01

  92236      2.83861E-25     1    1.0480E+00    8.5168E-01    2.3528E+00    6.2040E+00    8.4574E-01    1.9630E-01
                             2    4.7540E-01    9.9004E-03    2.4170E-02    8.5825E+00    4.3846E-02    4.6550E-01
                             3    3.9657E+01    0.0000E+00    0.0000E+00    4.5016E+01    2.3390E-03    3.9657E+01
                             4    1.7473E+00    0.0000E+00    0.0000E+00    6.9334E+00    0.0000E+00    1.7473E+00

  94239      2.83861E-25     1    2.3148E+00    2.2259E+00    6.9944E+00    7.2273E+00    7.1888E-01    8.8881E-02
                             2    2.4517E+00    2.0002E+00    5.8753E+00    1.0337E+01    1.4270E-02    4.5154E-01
                             3    4.7853E+01    2.7572E+01    8.0234E+01    5.2043E+01    3.0767E-03    2.0281E+01
                             4    7.8254E+02    4.9154E+02    1.4156E+03    6.8914E+02    0.0000E+00    2.9100E+02

  94240      2.83861E-25     1    1.9112E+00    1.7618E+00    6.0928E+00    7.4383E+00    1.0155E+00    1.4942E-01
                             2    8.8243E-01    2.4442E-01    8.0125E-01    9.9600E+00    1.4270E-02    6.3801E-01
                             3    6.8660E+02    1.2879E-01    4.1343E-01    6.4596E+02    2.8821E-03    6.8647E+02
                             4    1.0189E+02    0.0000E+00    0.0000E+00    8.9050E+01    0.0000E+00    1.0189E+02

  94241      2.83861E-25     1    3.9821E+00    2.2259E+00    7.3309E+00    9.7675E+00    1.0155E+00    1.7562E+00
                             2    3.5786E+00    2.0002E+00    6.1579E+00    1.2418E+01    1.4270E-02    1.5784E+00
                             3    8.2471E+01    5.2306E+01    1.5955E+02    8.4231E+01    2.8821E-03    3.0165E+01
                             4    6.3922E+02    4.5536E+02    1.3934E+03    5.5869E+02    0.0000E+00    1.8386E+02

  54135      2.83861E-25     1    0.0000E+00    0.0000E+00    0.0000E+00    0.0000E+00    0.0000E+00    0.0000E+00
                             2    0.0000E+00    0.0000E+00    0.0000E+00    0.0000E+00    0.0000E+00    0.0000E+00
                             3    2.9076E+02    0.0000E+00    0.0000E+00    2.7035E+02    0.0000E+00    2.9076E+02
                             4    1.0646E+06    0.0000E+00    0.0000E+00    9.3049E+05    0.0000E+00    1.0646E+06

  62149      2.83861E-25     1    0.0000E+00    0.0000E+00    0.0000E+00    0.0000E+00    0.0000E+00    0.0000E+00
                             2    2.8258E-01    0.0000E+00    0.0000E+00    2.5757E-01    0.0000E+00    2.8258E-01
                             3    2.5205E+02    0.0000E+00    0.0000E+00    2.3436E+02    0.0000E+00    2.5205E+02
                             4    2.5528E+04    0.0000E+00    0.0000E+00    2.2328E+04    0.0000E+00    2.5528E+04

    304      6.60141E-03     1    2.0644E-03    0.0000E+00    0.0000E+00    2.4387E+00    1.7884E-01    2.0644E-03
                             2    0.0000E+00    0.0000E+00    0.0000E+00    3.2712E+00    4.8398E-02    0.0000E+00
                             3    9.5938E-02    0.0000E+00    0.0000E+00    9.5984E+00    1.5064E-02    9.5938E-02
                             4    1.2958E+00    0.0000E+00    0.0000E+00    9.2135E+00    0.0000E+00    1.2958E+00

   1001      3.08104E-02     1    3.6296E-05    0.0000E+00    0.0000E+00    1.0681E+00    1.9625E+00    3.6296E-05
                             2    1.7922E-04    0.0000E+00    0.0000E+00    3.2461E+00    2.0459E+00    1.7922E-04
                             3    1.2561E-02    0.0000E+00    0.0000E+00    6.4273E+00    1.9089E+00    1.2561E-02
                             4    2.1337E-01    0.0000E+00    0.0000E+00    2.6010E+01    0.0000E+00    2.1337E-01

   8000      1.54052E-02     1    1.0708E-02    0.0000E+00    0.0000E+00    2.3904E+00    2.1264E-01    1.0708E-02
                             2    0.0000E+00    0.0000E+00    0.0000E+00    3.3221E+00    8.3662E-02    0.0000E+00
                             3    0.0000E+00    0.0000E+00    0.0000E+00    3.3475E+00    1.8353E-02    0.0000E+00
                             4    0.0000E+00    0.0000E+00    0.0000E+00    3.9879E+00    0.0000E+00    0.0000E+00

   5010      8.06700E-06     1    2.0187E-01    0.0000E+00    0.0000E+00    1.9844E+00    1.4570E-01    2.0187E-01
                             2    1.9972E+00    0.0000E+00    0.0000E+00    4.0831E+00    3.4680E-02    1.9972E+00
                             3    1.4551E+02    0.0000E+00    0.0000E+00    1.3808E+02    3.0932E-02    1.4551E+02
                             4    2.4961E+03    0.0000E+00    0.0000E+00    2.1816E+03    0.0000E+00    2.4961E+03


 12 ISOTOPES,     RECIPROCAL VELOCITIES (G=1,4):     5.3831E-10    2.5301E-09    1.7083E-07    2.4017E-06 (S/CM)

                  RECIPROCAL VELOCITY  (1 OF 2):     5.4461E-08 (S/CM)
1CASE    22       REGIAO 2                            
0EPITHERMAL LIBRARY TAPE LABELED HELP 11-66 +MO                                  
0MAXIMUM ITERATIONS ON THE  FLUX SHAPE IN ANY MACRO GROUP =    4 GROUP38
 MAXIMUM RENORMALIZATION IN ANY GROUP =   .99980 GROUP19
1CASE    22       REGIAO 2                            
 
                                       OVERALL FEW GROUP DATA
0OUTPUT GROUP   MUFT GROUPS   SIGMA-A     SIGMA-R     SIGMA-F   NU SIGMA-F        P       AGE     DIFF.COEF.
 
    1 OF  1       1 TO 54   .01195209   .01813908   .00395577   .01008895   .60280410   41.9975   1.2637550
 
 
    1 OF  2       1 TO 25   .00520808   .03870415   .00266992   .00709141   .88139810   33.9948   1.4930730
    2 OF  2      26 TO 54   .02707278   .05880854   .00683877   .01680970   .68476520   42.7232    .7496041
 
 
    1 OF  3       1 TO 10   .00703263   .07641198   .00580977   .01557889   .91572100   18.2466   2.0214820
    2 OF  3      11 TO 25   .00398641   .06461935   .00056757   .00140844   .94189400   34.8494   1.1392650
    3 OF  3      26 TO 54   .02707278   .05880854   .00683877   .01680970   .68476520   43.5778    .7496041
1CASE    22       REGIAO 2                            
0 P = 6.028041E-01 NU(1-PF) = 3.352795E-01 TAU = 4.199754E+01
 MATERIAL BUCKLING = 6.526867E-04 K-INFINITY = 1.027919E+00 K-EFFECTIVE AT INPUT BUCKLING = 9.765507E-01
 ASYMPTOTIC FOUR GROUP FLUXES, 8.885846E+00, 1.334685E+01, 9.987831E+00, 5.710866E+00
1CELL-HOMOGENIZED ATOM NUMBER DENSITIES AND FOUR-GROUP MICROSCOPIC CROSS SECTIONS (BARNS) = ARRAYS SCHAND AND SBALTC.     CASE  0


 ISOTOPE   N (CELL-HOMOG)   GRP        XA            XF          NU*XF          XTR           XREM         XCAPT   
 -------   --------------   ---   -----------   -----------   -----------   -----------   -----------   -----------

  92235      6.39886E-04     1    7.3566E-01    6.6445E-01    1.8297E+00    3.5444E+00    4.3185E-01    7.1214E-02
                             2    1.1139E+00    8.7736E-01    2.1780E+00    5.3654E+00    7.4212E-03    2.3650E-01
                             3    1.5968E+01    1.0687E+01    2.6270E+01    1.8725E+01    1.5813E-03    5.2807E+00
                             4    8.9398E+01    7.6000E+01    1.8468E+02    8.0849E+01    0.0000E+00    1.3398E+01

  92238      2.62581E-02     1    2.4302E-01    2.0506E-01    5.4871E-01    2.8992E+00    4.2860E-01    3.7961E-02
                             2    1.2385E-01    2.3467E-04    5.6320E-04    4.4221E+00    7.5988E-03    1.2362E-01
                             3    5.5878E-01    0.0000E+00    0.0000E+00    4.5280E+00    1.7303E-03    5.5878E-01
                             4    3.8568E-01    0.0000E+00    0.0000E+00    2.5399E+00    0.0000E+00    3.8568E-01

  92236      5.67723E-25     1    5.2376E-01    4.2567E-01    1.1757E+00    3.1246E+00    4.2403E-01    9.8094E-02
                             2    2.3750E-01    4.9648E-03    1.2121E-02    4.2969E+00    2.1945E-02    2.3253E-01
                             3    1.9779E+01    0.0000E+00    0.0000E+00    2.2436E+01    1.1356E-03    1.9779E+01
                             4    8.5452E-01    0.0000E+00    0.0000E+00    3.4026E+00    0.0000E+00    8.5452E-01

  94239      5.67723E-25     1    1.1570E+00    1.1126E+00    3.4960E+00    3.6397E+00    3.6024E-01    4.4425E-02
                             2    1.2251E+00    9.9979E-01    2.9369E+00    5.1733E+00    7.1171E-03    2.2526E-01
                             3    2.3863E+01    1.3749E+01    4.0010E+01    2.5936E+01    1.5160E-03    1.0114E+01
                             4    3.8513E+02    2.4179E+02    6.9634E+02    3.3907E+02    0.0000E+00    1.4334E+02

  94240      5.67723E-25     1    9.5533E-01    8.8064E-01    3.0453E+00    3.7460E+00    5.0890E-01    7.4689E-02
                             2    4.4090E-01    1.2252E-01    4.0166E-01    4.9851E+00    7.1171E-03    3.1838E-01
                             3    3.3904E+02    6.3474E-02    2.0375E-01    3.1870E+02    1.4202E-03    3.3897E+02
                             4    5.0018E+01    0.0000E+00    0.0000E+00    4.3705E+01    0.0000E+00    5.0018E+01

  94241      5.67723E-25     1    1.9904E+00    1.1126E+00    3.6641E+00    4.9190E+00    5.0890E-01    8.7782E-01
                             2    1.7888E+00    9.9979E-01    3.0781E+00    6.2160E+00    7.1171E-03    7.8899E-01
                             3    4.1083E+01    2.6072E+01    7.9526E+01    4.1931E+01    1.4202E-03    1.5011E+01
                             4    3.1322E+02    2.2320E+02    6.8299E+02    2.7369E+02    0.0000E+00    9.0021E+01

  54135      5.67723E-25     1    0.0000E+00    0.0000E+00    0.0000E+00    0.0000E+00    0.0000E+00    0.0000E+00
                             2    0.0000E+00    0.0000E+00    0.0000E+00    0.0000E+00    0.0000E+00    0.0000E+00
                             3    1.4357E+02    0.0000E+00    0.0000E+00    1.3336E+02    0.0000E+00    1.4357E+02
                             4    5.1888E+05    0.0000E+00    0.0000E+00    4.5339E+05    0.0000E+00    5.1888E+05

  62149      5.67723E-25     1    0.0000E+00    0.0000E+00    0.0000E+00    0.0000E+00    0.0000E+00    0.0000E+00
                             2    1.4081E-01    0.0000E+00    0.0000E+00    1.2859E-01    0.0000E+00    1.4081E-01
                             3    1.2469E+02    0.0000E+00    0.0000E+00    1.1582E+02    0.0000E+00    1.2469E+02
                             4    1.2456E+04    0.0000E+00    0.0000E+00    1.0892E+04    0.0000E+00    1.2456E+04

    304      1.32028E-02     1    1.0252E-03    0.0000E+00    0.0000E+00    1.2288E+00    8.9589E-02    1.0252E-03
                             2    0.0000E+00    0.0000E+00    0.0000E+00    1.6376E+00    2.4113E-02    0.0000E+00
                             3    4.7691E-02    0.0000E+00    0.0000E+00    4.7904E+00    7.4322E-03    4.7691E-02
                             4    6.4566E-01    0.0000E+00    0.0000E+00    4.5959E+00    0.0000E+00    6.4566E-01

   1001      6.16209E-02     1    1.8151E-05    0.0000E+00    0.0000E+00    5.3813E-01    9.8046E-01    1.8151E-05
                             2    8.9446E-05    0.0000E+00    0.0000E+00    1.6242E+00    1.0193E+00    8.9446E-05
                             3    6.2476E-03    0.0000E+00    0.0000E+00    3.2118E+00    9.4747E-01    6.2476E-03
                             4    1.0701E-01    0.0000E+00    0.0000E+00    1.3042E+01    0.0000E+00    1.0701E-01

   8000      3.08104E-02     1    5.3306E-03    0.0000E+00    0.0000E+00    1.2041E+00    1.0648E-01    5.3306E-03
                             2    0.0000E+00    0.0000E+00    0.0000E+00    1.6648E+00    4.1700E-02    0.0000E+00
                             3    0.0000E+00    0.0000E+00    0.0000E+00    1.6726E+00    9.0829E-03    0.0000E+00
                             4    0.0000E+00    0.0000E+00    0.0000E+00    2.0016E+00    0.0000E+00    0.0000E+00

   5010      1.61340E-05     1    1.0096E-01    0.0000E+00    0.0000E+00    9.9990E-01    7.2967E-02    1.0096E-01
                             2    9.9647E-01    0.0000E+00    0.0000E+00    2.0442E+00    1.7287E-02    9.9647E-01
                             3    7.2374E+01    0.0000E+00    0.0000E+00    6.8618E+01    1.5310E-02    7.2374E+01
                             4    1.2518E+03    0.0000E+00    0.0000E+00    1.0938E+03    0.0000E+00    1.2518E+03


 12 ISOTOPES,     RECIPROCAL VELOCITIES (G=1,4):     5.3830E-10    2.5253E-09    1.6986E-07    2.4017E-06 (S/CM)

                  RECIPROCAL VELOCITY  (1 OF 2):     2.6345E-08 (S/CM)
1CASE    23       REGIAO 3                            
0EPITHERMAL LIBRARY TAPE LABELED HELP 11-66 +MO                                  
0MAXIMUM ITERATIONS ON THE  FLUX SHAPE IN ANY MACRO GROUP =    5 GROUP39
 MAXIMUM RENORMALIZATION IN ANY GROUP =  1.00040 GROUP 6
1CASE    23       REGIAO 3                            
 
                                       OVERALL FEW GROUP DATA
0OUTPUT GROUP   MUFT GROUPS   SIGMA-A     SIGMA-R     SIGMA-F   NU SIGMA-F        P       AGE     DIFF.COEF.
 
    1 OF  1       1 TO 54   .01418883   .01641325   .00580712   .01468039   .53634420   41.5618   1.2718770
 
 
    1 OF  2       1 TO 25   .00568791   .03830720   .00311748   .00823857   .87071500   33.8552   1.4897470
    2 OF  2      26 TO 54   .03459845   .05581933   .01226460   .03014638   .61734900   42.1368    .7487991
 
 
    1 OF  3       1 TO 10   .00729892   .07630842   .00606362   .01628914   .91270010   18.0914   2.0082010
    2 OF  3      11 TO 25   .00459486   .06429823   .00111855   .00277634   .93330450   34.6064   1.1379800
    3 OF  3      26 TO 54   .03459845   .05581933   .01226460   .03014638   .61734900   42.8879    .7487991
1CASE    23       REGIAO 3                            
0 P = 5.363442E-01 NU(1-PF) = 4.797188E-01 TAU = 4.156177E+01
 MATERIAL BUCKLING = 4.650696E-03 K-INFINITY = 1.201492E+00 K-EFFECTIVE AT INPUT BUCKLING = 1.103409E+00
 ASYMPTOTIC FOUR GROUP FLUXES, 8.103554E+00, 1.165968E+01, 7.986000E+00, 3.514381E+00
1CELL-HOMOGENIZED ATOM NUMBER DENSITIES AND FOUR-GROUP MICROSCOPIC CROSS SECTIONS (BARNS) = ARRAYS SCHAND AND SBALTC.     CASE  0


 ISOTOPE   N (CELL-HOMOG)   GRP        XA            XF          NU*XF          XTR           XREM         XCAPT   
 -------   --------------   ---   -----------   -----------   -----------   -----------   -----------   -----------

  92235      1.29588E-03     1    7.1844E-01    6.4891E-01    1.7870E+00    3.4840E+00    4.2501E-01    6.9529E-02
                             2    1.0896E+00    8.5852E-01    2.1313E+00    5.2577E+00    7.2260E-03    2.3104E-01
                             3    1.4024E+01    9.4643E+00    2.3263E+01    1.6574E+01    1.3667E-03    4.5593E+00
                             4    6.3267E+01    5.3754E+01    1.3062E+02    5.7215E+01    0.0000E+00    9.5134E+00

  92238      3.90554E-02     1    1.5841E-01    1.3373E-01    3.5779E-01    1.9005E+00    2.8157E-01    2.4689E-02
                             2    8.0946E-02    1.5392E-04    3.6940E-04    2.8910E+00    4.9399E-03    8.0792E-02
                             3    3.6676E-01    0.0000E+00    0.0000E+00    2.8908E+00    9.9773E-04    3.6676E-01
                             4    1.8366E-01    0.0000E+00    0.0000E+00    1.2642E+00    0.0000E+00    1.8366E-01

  92236      8.51584E-25     1    3.4679E-01    2.8194E-01    7.7871E-01    2.0822E+00    2.8322E-01    6.4853E-02
                             2    1.5762E-01    3.3104E-03    8.0817E-03    2.8573E+00    1.4717E-02    1.5431E-01
                             3    1.2862E+01    0.0000E+00    0.0000E+00    1.4406E+01    5.7030E-04    1.2862E+01
                             4    4.1365E-01    0.0000E+00    0.0000E+00    1.7138E+00    0.0000E+00    4.1365E-01

  94239      8.51584E-25     1    7.6603E-01    7.3663E-01    2.3147E+00    2.4253E+00    2.4038E-01    2.9402E-02
                             2    8.1345E-01    6.6435E-01    1.9516E+00    3.4369E+00    4.6978E-03    1.4910E-01
                             3    1.5395E+01    8.8902E+00    2.5870E+01    1.6550E+01    8.8824E-04    6.5044E+00
                             4    1.9838E+02    1.2393E+02    3.5692E+02    1.7426E+02    0.0000E+00    7.4448E+01

  94240      8.51584E-25     1    6.3254E-01    5.8311E-01    2.0165E+00    2.4960E+00    3.3948E-01    4.9429E-02
                             2    2.9251E-01    8.1706E-02    2.6785E-01    3.3126E+00    4.6978E-03    2.1080E-01
                             3    1.9444E+02    3.5941E-02    1.1537E-01    1.8056E+02    8.3231E-04    1.9440E+02
                             4    2.5347E+01    0.0000E+00    0.0000E+00    2.2099E+01    0.0000E+00    2.5347E+01

  94241      8.51584E-25     1    1.3178E+00    7.3663E-01    2.4260E+00    3.2776E+00    3.3948E-01    5.8120E-01
                             2    1.1886E+00    6.6435E-01    2.0454E+00    4.1316E+00    4.6978E-03    5.2427E-01
                             3    2.6456E+01    1.6921E+01    5.1613E+01    2.6683E+01    8.3231E-04    9.5347E+00
                             4    1.5415E+02    1.1020E+02    3.3721E+02    1.3440E+02    0.0000E+00    4.3954E+01

  54135      8.51584E-25     1    0.0000E+00    0.0000E+00    0.0000E+00    0.0000E+00    0.0000E+00    0.0000E+00
                             2    0.0000E+00    0.0000E+00    0.0000E+00    0.0000E+00    0.0000E+00    0.0000E+00
                             3    8.4044E+01    0.0000E+00    0.0000E+00    7.6987E+01    0.0000E+00    8.4044E+01
                             4    2.4050E+05    0.0000E+00    0.0000E+00    2.0968E+05    0.0000E+00    2.4050E+05

  62149      8.51584E-25     1    0.0000E+00    0.0000E+00    0.0000E+00    0.0000E+00    0.0000E+00    0.0000E+00
                             2    9.2895E-02    0.0000E+00    0.0000E+00    8.4896E-02    0.0000E+00    9.2895E-02
                             3    7.3995E+01    0.0000E+00    0.0000E+00    6.7782E+01    0.0000E+00    7.3995E+01
                             4    5.8408E+03    0.0000E+00    0.0000E+00    5.0964E+03    0.0000E+00    5.8408E+03

    304      1.98042E-02     1    6.8380E-04    0.0000E+00    0.0000E+00    8.2724E-01    5.9846E-02    6.8380E-04
                             2    0.0000E+00    0.0000E+00    0.0000E+00    1.0916E+00    1.6024E-02    0.0000E+00
                             3    3.0408E-02    0.0000E+00    0.0000E+00    3.1265E+00    4.5335E-03    3.0408E-02
                             4    4.1880E-01    0.0000E+00    0.0000E+00    3.0007E+00    0.0000E+00    4.1880E-01

   1001      9.24313E-02     1    1.2131E-05    0.0000E+00    0.0000E+00    3.6195E-01    6.5229E-01    1.2131E-05
                             2    5.9527E-05    0.0000E+00    0.0000E+00    1.0832E+00    6.7608E-01    5.9527E-05
                             3    4.0215E-03    0.0000E+00    0.0000E+00    2.1274E+00    5.9957E-01    4.0215E-03
                             4    7.4522E-02    0.0000E+00    0.0000E+00    9.0733E+00    0.0000E+00    7.4522E-02

   8000      4.62157E-02     1    3.5629E-03    0.0000E+00    0.0000E+00    8.0906E-01    7.1025E-02    3.5629E-03
                             2    0.0000E+00    0.0000E+00    0.0000E+00    1.1127E+00    2.7859E-02    0.0000E+00
                             3    0.0000E+00    0.0000E+00    0.0000E+00    1.1072E+00    5.8358E-03    0.0000E+00
                             4    0.0000E+00    0.0000E+00    0.0000E+00    1.4037E+00    0.0000E+00    0.0000E+00

   5010      2.42010E-05     1    6.7526E-02    0.0000E+00    0.0000E+00    6.7286E-01    4.8685E-02    6.7526E-02
                             2    6.6286E-01    0.0000E+00    0.0000E+00    1.3642E+00    1.1551E-02    6.6286E-01
                             3    4.6589E+01    0.0000E+00    0.0000E+00    4.3588E+01    9.8512E-03    4.6589E+01
                             4    8.7177E+02    0.0000E+00    0.0000E+00    7.6006E+02    0.0000E+00    8.7177E+02


 12 ISOTOPES,     RECIPROCAL VELOCITIES (G=1,4):     5.3793E-10    2.5168E-09    1.6271E-07    2.4017E-06 (S/CM)

                  RECIPROCAL VELOCITY  (1 OF 2):     1.5626E-08 (S/CM)
1CASE     1      CALCULO ESPACIAL                       FLOG
0INPUT CARDS
 CARD   GEOM  REGS  S-OPT  NVL  S-TYP       EIGENVALUE
   2      2     3     9     0     0        1.00000E+00  0.00000E+00  0.00000E+00  0.00000E+00  0.00000E+00
0                                            SIG POISON     T(1)         T(2)         T(3)         T(4)
   3                                       3.38590E+01  0.00000E+00  0.00000E+00  0.00000E+00  0.00000E+00
0        REG   LIB   MAT        MESH         THICKNESS  BUCKLING     ADDED XA    CONTROL XA     POIS ID
   4      2     0    22           1        1.49610E+01  0.00000E+00  0.00000E+00  0.00000E+00  0.00000E+00
0        REG   LIB   MAT        MESH         THICKNESS  BUCKLING     ADDED XA    CONTROL XA     POIS ID
   5      3     0    23           1        7.08660E+00  0.00000E+00  0.00000E+00  0.00000E+00  0.00000E+00
1CASE     1      CALCULO ESPACIAL                       FLOG
0INTERPRETED DATA
 N1= 2   N20= 9   EIGEN2= 1.00000   ESP1=  1.0000E-05
0REG WIDTH(CM) POINTS BUCKLING   CONT POIS GROUP    D          XA        NU*XF       XR         XF       
  1   86.0019     1   0.000E+00  0.000E+00   1    2.036832    .007017    .015537    .076424    .005794
                                             2    1.140731    .003953    .001330    .064847    .000536
                                             3     .749565    .026594    .015976    .059243    .006500
                                             4     .314717    .100807    .113987               .046908
  2   38.0009     1   0.000E+00  0.000E+00   1    2.021482    .007033    .015579    .076412    .005810
                                             2    1.139265    .003986    .001408    .064619    .000568
                                             3     .749604    .027073    .016810    .058809    .006839
                                             4     .313842    .102646    .118174               .048631
  3   18.0000     1   0.000E+00  0.000E+00   1    2.008201    .007299    .016289    .076308    .006064
                                             2    1.137980    .004595    .002776    .064298    .001119
                                             3     .748799    .034598    .030146    .055819    .012265
                                             4     .301695    .125439    .169270               .069659
0POISON SEARCH
 T(1)= .00000   T(2)= .00000   T(3)= .00000   T(4)= .00000
0POISON BY REGION
   0.0000E+00   0.0000E+00   0.0000E+00
0CONTROL REGIONS

1CASE     1      CALCULO ESPACIAL                       FLOG
0 INPUT OPTIONS      
0 GEOMETRY N1=2     BOUNDARY CONDITION AT ORIGIN N2=0     OUTER BOUNDARY CONDITION N3=0
  CONVERGENCE N4=1     EXTRAPOLATION FACTOR N5=0     SOURCE N6=0
  BUCKLING BY REGION N7=1     BUCKING BY  GROUP N8=0     CHI OPTION N9=1
  OUTPUT FORMAT N10=0     FLUX PRINT N11=0     GROUP DATA PRINTOUT N12=0
  FLUX MULTIPLICATION N13=0     FLUX NORMALIZATION N14=0
      N15=  0     N16=0
  GROUP PRINT N17=0     CHECKS N18=1     BUCKLING ITERATION N19=0
  CRITICALITY SEARCH N20= 9     ADJOINT FLUX N22=0     ADJOINT FLUX OUTPUT N23=0
0
  DIMENSIONS    
0 NO. OF REGIONS M= 3     NO. OF POINTS N=  4     NO. OF GROUPS NOG= 4
  NO. OF GROUPS FROM WHICH THERE IS SCATTERING NDS= 1

0  3 NO. OF INTERVALS IN REGIONS
0 LM=     1     1     1
0
  POINTWISE CONVERGENCE EPS1=   .10000000E-04
0
  EXTRAPOLATION FACTOR
0 THETA=   .80000000E+00
0
  R(1)=   .00000000E+00

   3 DELTA R  
0 DELR=   .86001860E+02   .38000940E+02   .17999960E+02
0
  CRITICALITY SEARCH - CONVERGENCE CRITERION EPS2=   .10000000E-04
0 CONTROL REGIONS
+                - SEARCH IN ALL REGIONS
1 DATA FOR GROUP  1
0 T=   .00000000E+00

0                            REGION  1       REGION  2       REGION  3
  CHI      
+                           .75320000E+00   .75320000E+00   .75320000E+00
  SIGMA POISON
+                           .00000000E+00   .00000000E+00   .00000000E+00
  BUCKLING
+                           .00000000E+00   .00000000E+00   .00000000E+00
  SIGMA ABSORPTION  
+                           .70169300E-02   .70326310E-02   .72989180E-02
  TOTAL REMOVAL
+                           .83441130E-01   .83444620E-01   .83607340E-01
  DIFFUSION COEFFICIENT
+                           .20368320E+01   .20214820E+01   .20082010E+01
  NU SIGMA FISSION
+                           .15537030E-01   .15578890E-01   .16289140E-01
0 DATA FOR GROUP  2
0 T=   .00000000E+00

0                            REGION  1       REGION  2       REGION  3
  CHI      
+                           .24661000E+00   .24661000E+00   .24661000E+00
  SIGMA POISON
+                           .00000000E+00   .00000000E+00   .00000000E+00
  BUCKLING
+                           .00000000E+00   .00000000E+00   .00000000E+00
  SIGMA ABSORPTION  
+                           .39533980E-02   .39864060E-02   .45948550E-02
  TOTAL REMOVAL
+                           .68800630E-01   .68605760E-01   .68893090E-01
  DIFFUSION COEFFICIENT
+                           .11407310E+01   .11392650E+01   .11379800E+01
  NU SIGMA FISSION
+                           .13299870E-02   .14084400E-02   .27763370E-02
  TRANSFER COEFFICIENTS
+                           .76424200E-01   .76411980E-01   .76308420E-01
0 DATA FOR GROUP  3
0 T=   .00000000E+00

0                            REGION  1       REGION  2       REGION  3
  CHI      
+                           .19001960E-03   .19001960E-03   .19001960E-03
  SIGMA POISON
+                           .00000000E+00   .00000000E+00   .00000000E+00
  BUCKLING
+                           .00000000E+00   .00000000E+00   .00000000E+00
  SIGMA ABSORPTION  
+                           .26594080E-01   .27072780E-01   .34598450E-01
  TOTAL REMOVAL
+                           .85837390E-01   .85881320E-01   .90417770E-01
  DIFFUSION COEFFICIENT
+                           .74956460E+00   .74960410E+00   .74879910E+00
  NU SIGMA FISSION
+                           .15976010E-01   .16809700E-01   .30146380E-01
  TRANSFER COEFFICIENTS
+                           .64847230E-01   .64619350E-01   .64298230E-01
0 DATA FOR GROUP  4
0 T=   .00000000E+00

0                            REGION  1       REGION  2       REGION  3
  CHI      
+                           .00000000E+00   .00000000E+00   .00000000E+00
  SIGMA POISON
+                           .00000000E+00   .00000000E+00   .00000000E+00
  BUCKLING
+                           .00000000E+00   .00000000E+00   .00000000E+00
  SIGMA ABSORPTION  
+                           .10080660E+00   .10264640E+00   .12543950E+00
  TOTAL REMOVAL
+                           .10080660E+00   .10264640E+00   .12543950E+00
  DIFFUSION COEFFICIENT
+                           .31471710E+00   .31384200E+00   .30169550E+00
  NU SIGMA FISSION
+                           .11398710E+00   .11817430E+00   .16927020E+00
  TRANSFER COEFFICIENTS
+                           .59243320E-01   .58808540E-01   .55819330E-01
0    MAXIMUM NUMBER OF ITERATIONS EXCEEDED
KEFF=1.01138500
0 J0 FIT TO THERMAL FLUX, (MAX R, LAMBDA)  CORE RADIUS =  86.002
  (
1CASE     1      CALCULO ESPACIAL                    
0                    FLOG EDIT, FLUX AND POWER BY SPACE POINT
0POINT REGION  RADIUS     FLUX 1      FLUX 2      FLUX 3      FLUX 4      POWER
 ----- ------ --------  ----------  ----------  ----------  ----------  ----------
   1      1      .0000  1.7735E-04  2.6741E-04  2.0205E-04  1.1874E-04  8.0540E-06
   2      1    86.0019  1.7590E-04  2.6512E-04  1.9985E-04  1.1647E-04  7.9236E-06
   2      2    86.0019  1.7590E-04  2.6512E-04  1.9985E-04  1.1647E-04  8.2033E-06
   3      2   124.0028  1.3655E-04  2.0233E-04  1.4717E-04  7.7053E-05  5.6618E-06
   3      3   124.0028  1.3655E-04  2.0233E-04  1.4717E-04  7.7053E-05  8.2266E-06
   4      3   142.0028  0.0000E+00  0.0000E+00  0.0000E+00  0.0000E+00  0.0000E+00
1CASE     1      CALCULO ESPACIAL                    
0                    FLOG EDIT, REGION AVERAGE FLUX AND POWER
0REGION    FLUX 1      FLUX 2      FLUX 3      FLUX 4    REG. POWER  SPEC. POWER  PEAK/AVE POWER
 ------  ----------  ----------  ----------  ----------  ----------  -----------  --------------
    1    1.7590E-04  2.6512E-04  1.9985E-04  1.1647E-04  1.8411E-01  7.9236E-06      1.01646
    2    1.5266E-04  2.2804E-04  1.6874E-04  9.3195E-05  1.6804E-01  6.7026E-06      1.22390
    3    6.3655E-05  9.4320E-05  6.8604E-05  3.5919E-05  5.7686E-02  3.8350E-06      2.14516
 ------  ----------  ----------  ----------  ----------  ----------  -----------  --------------
 REACTOR 1.4005E-04  2.0989E-04  1.5637E-04  8.8132E-05  4.0984E-01  6.4695E-06      1.27159
0                   FLOG EDIT, REGION ABSORPTION AND PRODUCTION
0                      Z         R        NET     CONTROL  TOT. ABS              EIGEN 
 REGION     ABS     LEAKAGE   LEAKAGE   LEAKAGE     ABS    +LEAKAGE    PROD       ABS  
 ------  --------  --------  --------  --------  --------  --------  --------  --------
    1    449.3462     .0000    5.0263    5.0263     .0000  454.3724  454.3724     .0000
    2    404.0745     .0000   10.8342   10.8342     .0000  414.9086  414.9086     .0000
    3    116.9879     .0000   25.1157   25.1157     .0000  142.1036  142.1036     .0000
 ------  --------  --------  --------  --------  --------  --------  --------  --------
 REACTOR 970.4085     .0000   40.9762   40.9762     .0000 1011.3850 1011.3850     .0000
0POINT RADIAL BUCKLINGS X 10000                     AND REFLECTOR SAVINGS
 CORE RADIUS  GROUP 1  GROUP 2  GROUP 3  GROUP 4   GROUP 1  GROUP 2  GROUP 3  GROUP 4
   1  86.002     .044     .046     .059     .1031058.57301030.9270 905.1421 662.0482
